# JRE version: Java(TM) SE Runtime Environment (17.0+35) (build 17+35-LTS-2724)
# Java VM: Java HotSpot(TM) 64-Bit Server VM (17+35-LTS-2724, mixed mode, sharing, tiered, compressed oops, compressed class ptrs, g1 gc, bsd-amd64)
Heap:
 garbage-first heap   total 425984K, used 251749K [0x0000000780000000, 0x0000000800000000)
  region size 1024K, 146 young (149504K), 25 survivors (25600K)
 Metaspace       used 62918K, committed 66112K, reserved 1105920K
  class space    used 12113K, committed 13184K, reserved 1048576K
GC Heap History (20 events):
Event: 10.053 GC heap before
{Heap before GC invocations=19 (full 0):
 garbage-first heap   total 99328K, used 85894K [0x0000000780000000, 0x0000000800000000)
  region size 1024K, 55 young (56320K), 7 survivors (7168K)
 Metaspace       used 46974K, committed 48896K, reserved 1089536K
  class space    used 9744K, committed 10432K, reserved 1048576K
}
Event: 10.067 GC heap after
{Heap after GC invocations=20 (full 0):
 garbage-first heap   total 106496K, used 37864K [0x0000000780000000, 0x0000000800000000)
  region size 1024K, 8 young (8192K), 8 survivors (8192K)
 Metaspace       used 46974K, committed 48896K, reserved 1089536K
  class space    used 9744K, committed 10432K, reserved 1048576K
}
Event: 10.088 GC heap before
{Heap before GC invocations=20 (full 0):
 garbage-first heap   total 106496K, used 53224K [0x0000000780000000, 0x0000000800000000)
  region size 1024K, 9 young (9216K), 8 survivors (8192K)
 Metaspace       used 46974K, committed 48896K, reserved 1089536K
  class space    used 9744K, committed 10432K, reserved 1048576K
}
Event: 10.099 GC heap after
{Heap after GC invocations=21 (full 0):
 garbage-first heap   total 106496K, used 45334K [0x0000000780000000, 0x0000000800000000)
  region size 1024K, 1 young (1024K), 1 survivors (1024K)
 Metaspace       used 46974K, committed 48896K, reserved 1089536K
  class space    used 9744K, committed 10432K, reserved 1048576K
}
Event: 10.102 GC heap before
{Heap before GC invocations=21 (full 0):
 garbage-first heap   total 106496K, used 47382K [0x0000000780000000, 0x0000000800000000)
  region size 1024K, 1 young (1024K), 1 survivors (1024K)
 Metaspace       used 46974K, committed 48896K, reserved 1089536K
  class space    used 9744K, committed 10432K, reserved 1048576K
}
Event: 10.103 GC heap after
{Heap after GC invocations=22 (full 0):
 garbage-first heap   total 212992K, used 45977K [0x0000000780000000, 0x0000000800000000)
  region size 1024K, 1 young (1024K), 1 survivors (1024K)
 Metaspace       used 46974K, committed 48896K, reserved 1089536K
  class space    used 9744K, committed 10432K, reserved 1048576K
}
Event: 10.820 GC heap before
{Heap before GC invocations=22 (full 0):
 garbage-first heap   total 212992K, used 168857K [0x0000000780000000, 0x0000000800000000)
  region size 1024K, 86 young (88064K), 1 survivors (1024K)
 Metaspace       used 49348K, committed 51328K, reserved 1097728K
  class space    used 10060K, committed 10752K, reserved 1048576K
}
Event: 10.830 GC heap after
{Heap after GC invocations=23 (full 0):
 garbage-first heap   total 212992K, used 66736K [0x0000000780000000, 0x0000000800000000)
  region size 1024K, 11 young (11264K), 11 survivors (11264K)
 Metaspace       used 49348K, committed 51328K, reserved 1097728K
  class space    used 10060K, committed 10752K, reserved 1048576K
}
Event: 11.616 GC heap before
{Heap before GC invocations=23 (full 0):
 garbage-first heap   total 212992K, used 143536K [0x0000000780000000, 0x0000000800000000)
  region size 1024K, 86 young (88064K), 11 survivors (11264K)
 Metaspace       used 53759K, committed 55744K, reserved 1097728K
  class space    used 10540K, committed 11200K, reserved 1048576K
}
Event: 11.634 GC heap after
{Heap after GC invocations=24 (full 0):
 garbage-first heap   total 212992K, used 76704K [0x0000000780000000, 0x0000000800000000)
  region size 1024K, 10 young (10240K), 10 survivors (10240K)
 Metaspace       used 53759K, committed 55744K, reserved 1097728K
  class space    used 10540K, committed 11200K, reserved 1048576K
}
Event: 12.237 GC heap before
{Heap before GC invocations=24 (full 0):
 garbage-first heap   total 212992K, used 150432K [0x0000000780000000, 0x0000000800000000)
  region size 1024K, 82 young (83968K), 10 survivors (10240K)
 Metaspace       used 57128K, committed 59072K, reserved 1097728K
  class space    used 10897K, committed 11584K, reserved 1048576K
}
Event: 12.245 GC heap after
{Heap after GC invocations=25 (full 0):
 garbage-first heap   total 212992K, used 75478K [0x0000000780000000, 0x0000000800000000)
  region size 1024K, 3 young (3072K), 3 survivors (3072K)
 Metaspace       used 57128K, committed 59072K, reserved 1097728K
  class space    used 10897K, committed 11584K, reserved 1048576K
}
Event: 12.721 GC heap before
{Heap before GC invocations=25 (full 0):
 garbage-first heap   total 212992K, used 165590K [0x0000000780000000, 0x0000000800000000)
  region size 1024K, 79 young (80896K), 3 survivors (3072K)
 Metaspace       used 58289K, committed 60672K, reserved 1097728K
  class space    used 11208K, committed 12032K, reserved 1048576K
}
Event: 12.734 GC heap after
{Heap after GC invocations=26 (full 0):
 garbage-first heap   total 212992K, used 88170K [0x0000000780000000, 0x0000000800000000)
  region size 1024K, 10 young (10240K), 10 survivors (10240K)
 Metaspace       used 58289K, committed 60672K, reserved 1097728K
  class space    used 11208K, committed 12032K, reserved 1048576K
}
Event: 13.063 GC heap before
{Heap before GC invocations=26 (full 0):
 garbage-first heap   total 212992K, used 157802K [0x0000000780000000, 0x0000000800000000)
  region size 1024K, 79 young (80896K), 10 survivors (10240K)
 Metaspace       used 59289K, committed 62016K, reserved 1105920K
  class space    used 11475K, committed 12416K, reserved 1048576K
}
Event: 13.075 GC heap after
{Heap after GC invocations=27 (full 0):
 garbage-first heap   total 212992K, used 91667K [0x0000000780000000, 0x0000000800000000)
  region size 1024K, 3 young (3072K), 3 survivors (3072K)
 Metaspace       used 59289K, committed 62016K, reserved 1105920K
  class space    used 11475K, committed 12416K, reserved 1048576K
}
Event: 13.390 GC heap before
{Heap before GC invocations=27 (full 0):
 garbage-first heap   total 212992K, used 162323K [0x0000000780000000, 0x0000000800000000)
  region size 1024K, 73 young (74752K), 3 survivors (3072K)
 Metaspace       used 60789K, committed 63872K, reserved 1105920K
  class space    used 11787K, committed 12864K, reserved 1048576K
}
Event: 13.394 GC heap after
{Heap after GC invocations=28 (full 0):
 garbage-first heap   total 425984K, used 92435K [0x0000000780000000, 0x0000000800000000)
  region size 1024K, 4 young (4096K), 4 survivors (4096K)
 Metaspace       used 60789K, committed 63872K, reserved 1105920K
  class space    used 11787K, committed 12864K, reserved 1048576K
}
Event: 14.404 GC heap before
{Heap before GC invocations=28 (full 0):
 garbage-first heap   total 425984K, used 289043K [0x0000000780000000, 0x0000000800000000)
  region size 1024K, 193 young (197632K), 4 survivors (4096K)
 Metaspace       used 62516K, committed 65728K, reserved 1105920K
  class space    used 12083K, committed 13120K, reserved 1048576K
}
Event: 14.457 GC heap after
{Heap after GC invocations=29 (full 0):
 garbage-first heap   total 425984K, used 127845K [0x0000000780000000, 0x0000000800000000)
  region size 1024K, 25 young (25600K), 25 survivors (25600K)
 Metaspace       used 62516K, committed 65728K, reserved 1105920K
  class space    used 12083K, committed 13120K, reserved 1048576K
}

